{
  "stats": {
    "suites": 2,
    "tests": 14,
    "passes": 14,
    "pending": 0,
    "failures": 0,
    "start": "2023-05-29T13:30:34.068Z",
    "end": "2023-05-29T13:30:39.464Z",
    "duration": 5396,
    "testsRegistered": 14,
    "passPercent": 100,
    "pendingPercent": 0,
    "other": 0,
    "hasOther": false,
    "skipped": 0,
    "hasSkipped": false
  },
  "results": [
    {
      "uuid": "f7e3abf3-8b26-4c35-806a-3a7a9b52734b",
      "title": "",
      "fullFile": "",
      "file": "",
      "beforeHooks": [],
      "afterHooks": [],
      "tests": [],
      "suites": [
        {
          "uuid": "67ec1d43-f409-443f-b7a7-e4c01ef94470",
          "title": "/posts route",
          "fullFile": "C:\\Sanober\\github\\lesson17-supertest-mocha-chai\\test\\posts.js",
          "file": "\\test\\posts.js",
          "beforeHooks": [],
          "afterHooks": [],
          "tests": [
            {
              "title": "GET /posts",
              "fullTitle": "/posts route GET /posts",
              "timedOut": false,
              "duration": 385,
              "state": "passed",
              "speed": "slow",
              "pass": true,
              "fail": false,
              "pending": false,
              "context": null,
              "code": "var self = this,\n  args = arguments;\nreturn new Promise(function (resolve, reject) {\n  var gen = fn.apply(self, args);\n  function _next(value) {\n    asyncGeneratorStep(gen, resolve, reject, _next, _throw, \"next\", value);\n  }\n  function _throw(err) {\n    asyncGeneratorStep(gen, resolve, reject, _next, _throw, \"throw\", err);\n  }\n  _next(undefined);\n});",
              "err": {},
              "uuid": "65c757dc-bb0c-479e-ba34-6633a8ff0b64",
              "parentUUID": "67ec1d43-f409-443f-b7a7-e4c01ef94470",
              "isHook": false,
              "skipped": false
            },
            {
              "title": "POST /posts",
              "fullTitle": "/posts route POST /posts",
              "timedOut": false,
              "duration": 341,
              "state": "passed",
              "speed": "slow",
              "pass": true,
              "fail": false,
              "pending": false,
              "context": null,
              "code": "var self = this,\n  args = arguments;\nreturn new Promise(function (resolve, reject) {\n  var gen = fn.apply(self, args);\n  function _next(value) {\n    asyncGeneratorStep(gen, resolve, reject, _next, _throw, \"next\", value);\n  }\n  function _throw(err) {\n    asyncGeneratorStep(gen, resolve, reject, _next, _throw, \"throw\", err);\n  }\n  _next(undefined);\n});",
              "err": {},
              "uuid": "65afa136-8d3f-447c-bdaf-39bc00d3395f",
              "parentUUID": "67ec1d43-f409-443f-b7a7-e4c01ef94470",
              "isHook": false,
              "skipped": false
            },
            {
              "title": "GET /posts/:id",
              "fullTitle": "/posts route GET /posts/:id",
              "timedOut": false,
              "duration": 615,
              "state": "passed",
              "speed": "slow",
              "pass": true,
              "fail": false,
              "pending": false,
              "context": null,
              "code": "var self = this,\n  args = arguments;\nreturn new Promise(function (resolve, reject) {\n  var gen = fn.apply(self, args);\n  function _next(value) {\n    asyncGeneratorStep(gen, resolve, reject, _next, _throw, \"next\", value);\n  }\n  function _throw(err) {\n    asyncGeneratorStep(gen, resolve, reject, _next, _throw, \"throw\", err);\n  }\n  _next(undefined);\n});",
              "err": {},
              "uuid": "56818d19-a295-4129-9573-65992ec257ff",
              "parentUUID": "67ec1d43-f409-443f-b7a7-e4c01ef94470",
              "isHook": false,
              "skipped": false
            },
            {
              "title": "PUT /posts/:id",
              "fullTitle": "/posts route PUT /posts/:id",
              "timedOut": false,
              "duration": 342,
              "state": "passed",
              "speed": "slow",
              "pass": true,
              "fail": false,
              "pending": false,
              "context": null,
              "code": "var self = this,\n  args = arguments;\nreturn new Promise(function (resolve, reject) {\n  var gen = fn.apply(self, args);\n  function _next(value) {\n    asyncGeneratorStep(gen, resolve, reject, _next, _throw, \"next\", value);\n  }\n  function _throw(err) {\n    asyncGeneratorStep(gen, resolve, reject, _next, _throw, \"throw\", err);\n  }\n  _next(undefined);\n});",
              "err": {},
              "uuid": "fba08cc7-56ee-40a1-8ac3-60daa76c255b",
              "parentUUID": "67ec1d43-f409-443f-b7a7-e4c01ef94470",
              "isHook": false,
              "skipped": false
            },
            {
              "title": "DELETE /posts/:id",
              "fullTitle": "/posts route DELETE /posts/:id",
              "timedOut": false,
              "duration": 349,
              "state": "passed",
              "speed": "slow",
              "pass": true,
              "fail": false,
              "pending": false,
              "context": null,
              "code": "var self = this,\n  args = arguments;\nreturn new Promise(function (resolve, reject) {\n  var gen = fn.apply(self, args);\n  function _next(value) {\n    asyncGeneratorStep(gen, resolve, reject, _next, _throw, \"next\", value);\n  }\n  function _throw(err) {\n    asyncGeneratorStep(gen, resolve, reject, _next, _throw, \"throw\", err);\n  }\n  _next(undefined);\n});",
              "err": {},
              "uuid": "9fb63baf-9a42-483c-a363-cbb5d832019e",
              "parentUUID": "67ec1d43-f409-443f-b7a7-e4c01ef94470",
              "isHook": false,
              "skipped": false
            }
          ],
          "suites": [],
          "passes": [
            "65c757dc-bb0c-479e-ba34-6633a8ff0b64",
            "65afa136-8d3f-447c-bdaf-39bc00d3395f",
            "56818d19-a295-4129-9573-65992ec257ff",
            "fba08cc7-56ee-40a1-8ac3-60daa76c255b",
            "9fb63baf-9a42-483c-a363-cbb5d832019e"
          ],
          "failures": [],
          "pending": [],
          "skipped": [],
          "duration": 2032,
          "root": false,
          "rootEmpty": false,
          "_timeout": 0
        },
        {
          "uuid": "5021d36c-4a87-4b98-82a0-01ff5f414d07",
          "title": "/user route",
          "fullFile": "C:\\Sanober\\github\\lesson17-supertest-mocha-chai\\test\\users.js",
          "file": "\\test\\users.js",
          "beforeHooks": [],
          "afterHooks": [],
          "tests": [
            {
              "title": "Get/users",
              "fullTitle": "/user route Get/users",
              "timedOut": false,
              "duration": 261,
              "state": "passed",
              "speed": "slow",
              "pass": true,
              "fail": false,
              "pending": false,
              "context": null,
              "code": "var self = this,\n  args = arguments;\nreturn new Promise(function (resolve, reject) {\n  var gen = fn.apply(self, args);\n  function _next(value) {\n    asyncGeneratorStep(gen, resolve, reject, _next, _throw, \"next\", value);\n  }\n  function _throw(err) {\n    asyncGeneratorStep(gen, resolve, reject, _next, _throw, \"throw\", err);\n  }\n  _next(undefined);\n});",
              "err": {},
              "uuid": "ee5095cf-a27f-450e-924d-597387f258ed",
              "parentUUID": "5021d36c-4a87-4b98-82a0-01ff5f414d07",
              "isHook": false,
              "skipped": false
            },
            {
              "title": "Get/users | query parameters",
              "fullTitle": "/user route Get/users | query parameters",
              "timedOut": false,
              "duration": 642,
              "state": "passed",
              "speed": "slow",
              "pass": true,
              "fail": false,
              "pending": false,
              "context": null,
              "code": "var self = this,\n  args = arguments;\nreturn new Promise(function (resolve, reject) {\n  var gen = fn.apply(self, args);\n  function _next(value) {\n    asyncGeneratorStep(gen, resolve, reject, _next, _throw, \"next\", value);\n  }\n  function _throw(err) {\n    asyncGeneratorStep(gen, resolve, reject, _next, _throw, \"throw\", err);\n  }\n  _next(undefined);\n});",
              "err": {},
              "uuid": "c00a3d58-e66c-414a-a2e2-8dd9df56cbf1",
              "parentUUID": "5021d36c-4a87-4b98-82a0-01ff5f414d07",
              "isHook": false,
              "skipped": false
            },
            {
              "title": "POST /user",
              "fullTitle": "/user route POST /user",
              "timedOut": false,
              "duration": 326,
              "state": "passed",
              "speed": "slow",
              "pass": true,
              "fail": false,
              "pending": false,
              "context": null,
              "code": "var self = this,\n  args = arguments;\nreturn new Promise(function (resolve, reject) {\n  var gen = fn.apply(self, args);\n  function _next(value) {\n    asyncGeneratorStep(gen, resolve, reject, _next, _throw, \"next\", value);\n  }\n  function _throw(err) {\n    asyncGeneratorStep(gen, resolve, reject, _next, _throw, \"throw\", err);\n  }\n  _next(undefined);\n});",
              "err": {},
              "uuid": "52ec2ab8-4ab0-48e6-a9e8-5c49b18ddd3e",
              "parentUUID": "5021d36c-4a87-4b98-82a0-01ff5f414d07",
              "isHook": false,
              "skipped": false
            },
            {
              "title": "POST /users| Negative",
              "fullTitle": "/user route POST /users| Negative",
              "timedOut": false,
              "duration": 300,
              "state": "passed",
              "speed": "slow",
              "pass": true,
              "fail": false,
              "pending": false,
              "context": null,
              "code": "var self = this,\n  args = arguments;\nreturn new Promise(function (resolve, reject) {\n  var gen = fn.apply(self, args);\n  function _next(value) {\n    asyncGeneratorStep(gen, resolve, reject, _next, _throw, \"next\", value);\n  }\n  function _throw(err) {\n    asyncGeneratorStep(gen, resolve, reject, _next, _throw, \"throw\", err);\n  }\n  _next(undefined);\n});",
              "err": {},
              "uuid": "5130a6bf-4e56-45f8-b251-3cffe44d32b3",
              "parentUUID": "5021d36c-4a87-4b98-82a0-01ff5f414d07",
              "isHook": false,
              "skipped": false
            },
            {
              "title": "GET /users/:id | Users we just created",
              "fullTitle": "/user route GET /users/:id | Users we just created",
              "timedOut": false,
              "duration": 627,
              "state": "passed",
              "speed": "slow",
              "pass": true,
              "fail": false,
              "pending": false,
              "context": null,
              "code": "var self = this,\n  args = arguments;\nreturn new Promise(function (resolve, reject) {\n  var gen = fn.apply(self, args);\n  function _next(value) {\n    asyncGeneratorStep(gen, resolve, reject, _next, _throw, \"next\", value);\n  }\n  function _throw(err) {\n    asyncGeneratorStep(gen, resolve, reject, _next, _throw, \"throw\", err);\n  }\n  _next(undefined);\n});",
              "err": {},
              "uuid": "bcd471d8-60fa-4943-b1e2-c0eb11410a35",
              "parentUUID": "5021d36c-4a87-4b98-82a0-01ff5f414d07",
              "isHook": false,
              "skipped": false
            },
            {
              "title": "PUT /users/:id",
              "fullTitle": "/user route PUT /users/:id",
              "timedOut": false,
              "duration": 322,
              "state": "passed",
              "speed": "slow",
              "pass": true,
              "fail": false,
              "pending": false,
              "context": null,
              "code": "var self = this,\n  args = arguments;\nreturn new Promise(function (resolve, reject) {\n  var gen = fn.apply(self, args);\n  function _next(value) {\n    asyncGeneratorStep(gen, resolve, reject, _next, _throw, \"next\", value);\n  }\n  function _throw(err) {\n    asyncGeneratorStep(gen, resolve, reject, _next, _throw, \"throw\", err);\n  }\n  _next(undefined);\n});",
              "err": {},
              "uuid": "247041e1-915a-4158-bdf2-b9474e944aeb",
              "parentUUID": "5021d36c-4a87-4b98-82a0-01ff5f414d07",
              "isHook": false,
              "skipped": false
            },
            {
              "title": "DELETE /usetrs/:id | User we just created",
              "fullTitle": "/user route DELETE /usetrs/:id | User we just created",
              "timedOut": false,
              "duration": 313,
              "state": "passed",
              "speed": "slow",
              "pass": true,
              "fail": false,
              "pending": false,
              "context": null,
              "code": "var self = this,\n  args = arguments;\nreturn new Promise(function (resolve, reject) {\n  var gen = fn.apply(self, args);\n  function _next(value) {\n    asyncGeneratorStep(gen, resolve, reject, _next, _throw, \"next\", value);\n  }\n  function _throw(err) {\n    asyncGeneratorStep(gen, resolve, reject, _next, _throw, \"throw\", err);\n  }\n  _next(undefined);\n});",
              "err": {},
              "uuid": "6fd6f975-cf7d-43d7-ab2a-cc7b06421753",
              "parentUUID": "5021d36c-4a87-4b98-82a0-01ff5f414d07",
              "isHook": false,
              "skipped": false
            },
            {
              "title": "Get /users/:id | Negative",
              "fullTitle": "/user route Get /users/:id | Negative",
              "timedOut": false,
              "duration": 269,
              "state": "passed",
              "speed": "slow",
              "pass": true,
              "fail": false,
              "pending": false,
              "context": null,
              "code": "var self = this,\n  args = arguments;\nreturn new Promise(function (resolve, reject) {\n  var gen = fn.apply(self, args);\n  function _next(value) {\n    asyncGeneratorStep(gen, resolve, reject, _next, _throw, \"next\", value);\n  }\n  function _throw(err) {\n    asyncGeneratorStep(gen, resolve, reject, _next, _throw, \"throw\", err);\n  }\n  _next(undefined);\n});",
              "err": {},
              "uuid": "a5dece47-4ea7-45a9-adfc-7c96a13c8f47",
              "parentUUID": "5021d36c-4a87-4b98-82a0-01ff5f414d07",
              "isHook": false,
              "skipped": false
            },
            {
              "title": "DELETE /users/:id | Negative",
              "fullTitle": "/user route DELETE /users/:id | Negative",
              "timedOut": false,
              "duration": 281,
              "state": "passed",
              "speed": "slow",
              "pass": true,
              "fail": false,
              "pending": false,
              "context": null,
              "code": "var self = this,\n  args = arguments;\nreturn new Promise(function (resolve, reject) {\n  var gen = fn.apply(self, args);\n  function _next(value) {\n    asyncGeneratorStep(gen, resolve, reject, _next, _throw, \"next\", value);\n  }\n  function _throw(err) {\n    asyncGeneratorStep(gen, resolve, reject, _next, _throw, \"throw\", err);\n  }\n  _next(undefined);\n});",
              "err": {},
              "uuid": "b0c7edd2-0378-46f4-b31f-f4e42d3e22d2",
              "parentUUID": "5021d36c-4a87-4b98-82a0-01ff5f414d07",
              "isHook": false,
              "skipped": false
            }
          ],
          "suites": [],
          "passes": [
            "ee5095cf-a27f-450e-924d-597387f258ed",
            "c00a3d58-e66c-414a-a2e2-8dd9df56cbf1",
            "52ec2ab8-4ab0-48e6-a9e8-5c49b18ddd3e",
            "5130a6bf-4e56-45f8-b251-3cffe44d32b3",
            "bcd471d8-60fa-4943-b1e2-c0eb11410a35",
            "247041e1-915a-4158-bdf2-b9474e944aeb",
            "6fd6f975-cf7d-43d7-ab2a-cc7b06421753",
            "a5dece47-4ea7-45a9-adfc-7c96a13c8f47",
            "b0c7edd2-0378-46f4-b31f-f4e42d3e22d2"
          ],
          "failures": [],
          "pending": [],
          "skipped": [],
          "duration": 3341,
          "root": false,
          "rootEmpty": false,
          "_timeout": 0
        }
      ],
      "passes": [],
      "failures": [],
      "pending": [],
      "skipped": [],
      "duration": 0,
      "root": true,
      "rootEmpty": true,
      "_timeout": 0
    }
  ],
  "meta": {
    "mocha": {
      "version": "10.2.0"
    },
    "mochawesome": {
      "options": {
        "quiet": false,
        "reportFilename": "mochawesome",
        "saveHtml": true,
        "saveJson": true,
        "consoleReporter": "spec",
        "useInlineDiffs": false,
        "code": true
      },
      "version": "7.1.3"
    },
    "marge": {
      "options": null,
      "version": "6.2.0"
    }
  }
}